icc_implicit_mix1/build/outputs/logs/manifest-merger-debug-report.txt
-- Merging decision tree log ---
manifest
ADDED from src\main\AndroidManifest.xml:2:1-44:12
INJECTED from src\main\AndroidManifest.xml:2:1-44:12
INJECTED from src\main\AndroidManifest.xml:2:1-44:12
INJECTED from src\main\AndroidManifest.xml:2:1-44:12
MERGED from [com.android.support.constraint:constraint-layout:1.1.3] AndroidManifest.xml:2:1-11:12
INJECTED from src\main\AndroidManifest.xml:2:1-44:12
INJECTED from src\main\AndroidManifest.xml:2:1-44:12
INJECTED from src\main\AndroidManifest.xml:2:1-44:12
	package
		ADDED from src\main\AndroidManifest.xml:3:5-45
		INJECTED from src\main\AndroidManifest.xml
		INJECTED from src\main\AndroidManifest.xml
	android:versionName
		INJECTED from src\main\AndroidManifest.xml
		ADDED from src\main\AndroidManifest.xml:2:1-44:12
		INJECTED from src\main\AndroidManifest.xml
	android:versionCode
		INJECTED from src\main\AndroidManifest.xml
		ADDED from src\main\AndroidManifest.xml:2:1-44:12
		INJECTED from src\main\AndroidManifest.xml
	xmlns:android
		ADDED from src\main\AndroidManifest.xml:2:11-69
uses-permission#android.permission.READ_PHONE_STATE
ADDED from src\main\AndroidManifest.xml:5:5-75
	android:name
		ADDED from src\main\AndroidManifest.xml:5:22-72
application
ADDED from src\main\AndroidManifest.xml:6:5-42:19
MERGED from [com.android.support.constraint:constraint-layout:1.1.3] AndroidManifest.xml:9:5-20
MERGED from [com.android.support.constraint:constraint-layout:1.1.3] AndroidManifest.xml:9:5-20
	android:supportsRtl
		ADDED from src\main\AndroidManifest.xml:11:9-35
	android:label
		ADDED from src\main\AndroidManifest.xml:9:9-41
	android:roundIcon
		ADDED from src\main\AndroidManifest.xml:10:9-54
	android:icon
		ADDED from src\main\AndroidManifest.xml:8:9-43
	android:allowBackup
		ADDED from src\main\AndroidManifest.xml:7:9-35
	android:theme
		ADDED from src\main\AndroidManifest.xml:12:9-40
activity#org.arguslab.icc_implicit_mix1.MainActivity
ADDED from src\main\AndroidManifest.xml:13:9-19:20
	android:name
		ADDED from src\main\AndroidManifest.xml:13:19-47
intent-filter#android.intent.action.MAIN+android.intent.category.LAUNCHER
ADDED from src\main\AndroidManifest.xml:14:13-18:29
action#android.intent.action.MAIN
ADDED from src\main\AndroidManifest.xml:15:17-69
	android:name
		ADDED from src\main\AndroidManifest.xml:15:25-66
category#android.intent.category.LAUNCHER
ADDED from src\main\AndroidManifest.xml:17:17-77
	android:name
		ADDED from src\main\AndroidManifest.xml:17:27-74
activity#org.arguslab.icc_implicit_mix1.FooActivity
ADDED from src\main\AndroidManifest.xml:20:9-30:20
	android:label
		ADDED from src\main\AndroidManifest.xml:22:13-55
	android:name
		ADDED from src\main\AndroidManifest.xml:21:13-40
intent-filter#android.intent.category.DEFAULT+test_action+test_category1+test_category2
ADDED from src\main\AndroidManifest.xml:23:13-29:29
action#test_action
ADDED from src\main\AndroidManifest.xml:24:17-54
	android:name
		ADDED from src\main\AndroidManifest.xml:24:25-51
category#test_category1
ADDED from src\main\AndroidManifest.xml:25:17-58
	android:name
		ADDED from src\main\AndroidManifest.xml:25:27-56
category#test_category2
ADDED from src\main\AndroidManifest.xml:26:17-58
	android:name
		ADDED from src\main\AndroidManifest.xml:26:27-56
category#android.intent.category.DEFAULT
ADDED from src\main\AndroidManifest.xml:27:17-76
	android:name
		ADDED from src\main\AndroidManifest.xml:27:27-73
data
ADDED from src\main\AndroidManifest.xml:28:17-147
	android:host
		ADDED from src\main\AndroidManifest.xml:28:50-70
	android:port
		ADDED from src\main\AndroidManifest.xml:28:71-90
	android:scheme
		ADDED from src\main\AndroidManifest.xml:28:23-49
	android:pathPattern
		ADDED from src\main\AndroidManifest.xml:39:91-121
	android:mimeType
		ADDED from src\main\AndroidManifest.xml:28:117-145
	android:pathPrefix
		ADDED from src\main\AndroidManifest.xml:28:91-116
activity#org.arguslab.icc_implicit_mix1.HookActivity
ADDED from src\main\AndroidManifest.xml:31:9-41:20
	android:label
		ADDED from src\main\AndroidManifest.xml:33:13-56
	android:name
		ADDED from src\main\AndroidManifest.xml:32:13-41
intent-filter#android.intent.category.DEFAULT+test_action2+test_category3+test_category4
ADDED from src\main\AndroidManifest.xml:34:13-40:29
action#test_action2
ADDED from src\main\AndroidManifest.xml:35:17-55
	android:name
		ADDED from src\main\AndroidManifest.xml:35:25-52
category#test_category3
ADDED from src\main\AndroidManifest.xml:36:17-58
	android:name
		ADDED from src\main\AndroidManifest.xml:36:27-56
category#test_category4
ADDED from src\main\AndroidManifest.xml:37:17-58
	android:name
		ADDED from src\main\AndroidManifest.xml:37:27-56
uses-sdk
INJECTED from src\main\AndroidManifest.xml reason: use-sdk injection requested
INJECTED from src\main\AndroidManifest.xml
INJECTED from src\main\AndroidManifest.xml
MERGED from [com.android.support.constraint:constraint-layout:1.1.3] AndroidManifest.xml:5:5-7:41
MERGED from [com.android.support.constraint:constraint-layout:1.1.3] AndroidManifest.xml:5:5-7:41
INJECTED from src\main\AndroidManifest.xml
INJECTED from src\main\AndroidManifest.xml
	android:targetSdkVersion
		INJECTED from src\main\AndroidManifest.xml
		ADDED from src\main\AndroidManifest.xml
		INJECTED from src\main\AndroidManifest.xml
	android:minSdkVersion
		INJECTED from src\main\AndroidManifest.xml
		ADDED from src\main\AndroidManifest.xml
		INJECTED from src\main\AndroidManifest.xml